[16Feb2025 00:03:04.861] [Server thread/WARN] [net.minecraft.server.MinecraftServer/]: Can't keep up! Is the server overloaded? Running 3252ms or 65 ticks behind
[16Feb2025 00:07:58.351] [Server thread/INFO] [net.minecraft.server.MinecraftServer/]: Sirfafnir55 has made the advancement [No Step on Snake]
[16Feb2025 00:09:44.938] [Server thread/INFO] [net.minecraft.server.MinecraftServer/]: Sirfafnir55 has made the advancement [A Howling Discovery]
[16Feb2025 00:10:30.753] [Server thread/WARN] [net.minecraft.server.level.ServerPlayerGameMode/]: Mismatch in destroy block pos: BlockPos{x=-4470, y=55, z=-1228} BlockPos{x=-4469, y=56, z=-1228}
[16Feb2025 00:10:30.844] [Server thread/WARN] [net.minecraft.server.level.ServerPlayerGameMode/]: Mismatch in destroy block pos: BlockPos{x=-4470, y=55, z=-1229} BlockPos{x=-4469, y=56, z=-1228}
[16Feb2025 00:18:45.697] [Worker-Main-28/WARN] [net.minecraft.world.entity.EntityType/]: Skipping Entity with id aquaculture:arrau_turtle
[16Feb2025 00:18:45.698] [Worker-Main-28/WARN] [net.minecraft.world.entity.decoration.ItemFrame/]: Unable to load item from: {Count:1b,id:"aquaculture:box_turtle"}
[16Feb2025 00:18:45.698] [Worker-Main-28/WARN] [net.minecraft.world.entity.decoration.ItemFrame/]: Unable to load item from: {Count:1b,id:"aquaculture:starshell_turtle"}
[16Feb2025 00:18:45.698] [Worker-Main-28/WARN] [net.minecraft.world.entity.decoration.ItemFrame/]: Unable to load item from: {Count:1b,id:"aquaculture:arrau_turtle"}
[16Feb2025 00:18:45.698] [Worker-Main-28/WARN] [net.minecraft.world.entity.EntityType/]: Skipping Entity with id aquaculture:box_turtle
[16Feb2025 00:18:45.698] [Worker-Main-28/WARN] [net.minecraft.world.entity.EntityType/]: Skipping Entity with id aquaculture:box_turtle
[16Feb2025 00:18:45.699] [Worker-Main-28/WARN] [net.minecraft.world.entity.EntityType/]: Skipping Entity with id aquaculture:box_turtle
[16Feb2025 00:18:45.699] [Worker-Main-28/WARN] [net.minecraft.world.entity.EntityType/]: Skipping Entity with id aquaculture:box_turtle
[16Feb2025 00:18:45.699] [Worker-Main-28/WARN] [net.minecraft.world.entity.EntityType/]: Skipping Entity with id aquaculture:box_turtle
[16Feb2025 00:18:45.699] [Worker-Main-28/WARN] [net.minecraft.world.entity.EntityType/]: Skipping Entity with id aquaculture:box_turtle
[16Feb2025 00:18:45.699] [Worker-Main-28/WARN] [net.minecraft.world.entity.EntityType/]: Skipping Entity with id aquaculture:box_turtle
[16Feb2025 00:18:45.699] [Worker-Main-28/WARN] [net.minecraft.world.entity.decoration.ItemFrame/]: Unable to load item from: {Count:1b,id:"aquaculture:iron_fillet_knife",tag:{Damage:0}}
[16Feb2025 00:18:45.699] [Worker-Main-28/WARN] [net.minecraft.world.entity.decoration.ItemFrame/]: Unable to load item from: {Count:1b,id:"aquaculturedelight:turtle_meat_dish"}
[16Feb2025 00:18:45.700] [Worker-Main-28/WARN] [net.minecraft.world.entity.decoration.ItemFrame/]: Unable to load item from: {Count:1b,id:"aquaculturedelight:turtle_meat_dish"}
[16Feb2025 00:18:45.700] [Worker-Main-28/WARN] [net.minecraft.world.entity.EntityType/]: Skipping Entity with id aquaculture:arrau_turtle
[16Feb2025 00:18:45.700] [Worker-Main-28/WARN] [net.minecraft.world.entity.EntityType/]: Skipping Entity with id aquaculture:arrau_turtle
[16Feb2025 00:18:45.700] [Worker-Main-28/WARN] [net.minecraft.world.entity.EntityType/]: Skipping Entity with id aquaculture:arrau_turtle
[16Feb2025 00:18:45.700] [Worker-Main-28/WARN] [net.minecraft.world.entity.EntityType/]: Skipping Entity with id aquaculture:arrau_turtle
[16Feb2025 00:19:18.393] [Server thread/INFO] [net.minecraft.server.MinecraftServer/]: Digigamerfer has made the advancement [Frightening Rush]
[16Feb2025 00:19:20.979] [pool-10-thread-4/INFO] [Supplementaries/]: Searching for closest structure among [ResourceKey[minecraft:worldgen/structure / towns_and_towers:exclusives/village_iberian], ResourceKey[minecraft:worldgen/structure / towns_and_towers:exclusives/village_tudor], ResourceKey[minecraft:worldgen/structure / repurposed_structures:village_swamp], ResourceKey[minecraft:worldgen/structure / repurposed_structures:village_oak], ResourceKey[minecraft:worldgen/structure / towns_and_towers:village_snowy_slopes], ResourceKey[minecraft:worldgen/structure / towns_and_towers:village_flower_forest], ResourceKey[minecraft:worldgen/structure / repurposed_structures:village_birch], ResourceKey[minecraft:worldgen/structure / towns_and_towers:village_birch_forest]] from pos BlockPos{x=-4709, y=82, z=-1531}
[16Feb2025 00:19:24.103] [Server thread/WARN] [net.minecraft.server.MinecraftServer/]: Can't keep up! Is the server overloaded? Running 2794ms or 55 ticks behind
[16Feb2025 00:19:25.106] [Worker-Main-58/WARN] [com.finndog.mvs.MVSCommon/]: Moog's Voyager Structures: Empty or nonexistent pool: mvs:farm/side_pool which is being called from mvs:other_decoration/wheat_grain_bin
[16Feb2025 00:20:09.681] [pool-10-thread-4/INFO] [Supplementaries/]: Searching for closest structure among [ResourceKey[minecraft:worldgen/structure / repurposed_structures:village_giant_taiga], ResourceKey[minecraft:worldgen/structure / minecraft:village_desert], ResourceKey[minecraft:worldgen/structure / towns_and_towers:village_snowy_taiga], ResourceKey[minecraft:worldgen/structure / minecraft:village_savanna], ResourceKey[minecraft:worldgen/structure / towns_and_towers:village_jungle], ResourceKey[minecraft:worldgen/structure / towns_and_towers:exclusives/village_iberian], ResourceKey[minecraft:worldgen/structure / towns_and_towers:exclusives/village_rustic], ResourceKey[minecraft:worldgen/structure / towns_and_towers:village_sunflower_plains]] from pos BlockPos{x=-4981, y=69, z=-1541}
[16Feb2025 00:20:11.653] [Worker-Main-60/WARN] [lithostitched/]: Non-existent template pool reference: incubation:village/chickens
[16Feb2025 00:20:12.078] [Server thread/WARN] [net.minecraft.server.MinecraftServer/]: Can't keep up! Is the server overloaded? Running 2319ms or 46 ticks behind
[16Feb2025 00:20:57.180] [Server thread/WARN] [net.minecraft.server.MinecraftServer/]: Can't keep up! Is the server overloaded? Running 2121ms or 42 ticks behind
[16Feb2025 00:23:23.486] [Server thread/INFO] [net.minecraft.server.MinecraftServer/]: Sirfafnir55 has made the advancement [Gone Bananas!]
[16Feb2025 00:24:57.295] [Server thread/INFO] [net.minecraft.server.MinecraftServer/]: Sirfafnir55 has made the advancement [Ant Farm]
[16Feb2025 00:26:39.896] [Server thread/INFO] [net.minecraft.server.MinecraftServer/]: Sirfafnir55 has made the advancement [Ant-Agonizer]
[16Feb2025 00:28:52.704] [Server thread/WARN] [net.minecraft.server.MinecraftServer/]: Can't keep up! Is the server overloaded? Running 2845ms or 56 ticks behind
[16Feb2025 00:31:05.091] [Server thread/WARN] [net.minecraft.world.level.storage.loot.functions.SmeltItemFunction/]: Couldn't smelt 2 bison_fur because there is no smelting recipe
[16Feb2025 00:31:15.236] [Server thread/WARN] [net.minecraft.world.level.storage.loot.functions.SmeltItemFunction/]: Couldn't smelt 5 bison_fur because there is no smelting recipe
[16Feb2025 00:31:33.801] [Server thread/WARN] [net.minecraft.world.level.storage.loot.functions.SmeltItemFunction/]: Couldn't smelt 2 bison_fur because there is no smelting recipe
[16Feb2025 00:31:41.854] [Server thread/WARN] [net.minecraft.world.level.storage.loot.functions.SmeltItemFunction/]: Couldn't smelt 2 bison_fur because there is no smelting recipe
[16Feb2025 00:32:28.586] [pool-10-thread-5/INFO] [Supplementaries/]: Searching for closest structure among [ResourceKey[minecraft:worldgen/structure / repurposed_structures:village_giant_taiga], ResourceKey[minecraft:worldgen/structure / towns_and_towers:exclusives/village_wandering_trader_camp], ResourceKey[minecraft:worldgen/structure / towns_and_towers:village_old_growth_taiga], ResourceKey[minecraft:worldgen/structure / repurposed_structures:village_cherry], ResourceKey[minecraft:worldgen/structure / towns_and_towers:village_beach], ResourceKey[minecraft:worldgen/structure / towns_and_towers:exclusives/village_classic], ResourceKey[minecraft:worldgen/structure / blue_skies:village_calming_skies], ResourceKey[minecraft:worldgen/structure / towns_and_towers:village_mushroom_fields]] from pos BlockPos{x=-2875, y=74, z=357}
[16Feb2025 00:32:31.946] [Server thread/WARN] [net.minecraft.server.MinecraftServer/]: Can't keep up! Is the server overloaded? Running 2386ms or 47 ticks behind
[16Feb2025 00:33:00.342] [Server thread/WARN] [net.minecraft.server.MinecraftServer/]: Can't keep up! Is the server overloaded? Running 2032ms or 40 ticks behind
[16Feb2025 00:33:35.543] [Server thread/WARN] [net.minecraft.world.level.entity.PersistentEntitySectionManager/]: UUID of added entity already exists: Drowned['Drowned'/172310, l='ServerLevel[world]', x=179.50, y=55.00, z=15.50]
[16Feb2025 00:37:40.736] [Server thread/INFO] [net.minecraft.world.entity.npc.Villager/]: Villager Villager['Chris'/173361, l='ServerLevel[world]', x=-2602.58, y=94.00, z=99.54] died, message: 'Chris was slain by Zombie'
[16Feb2025 00:37:40.737] [Server thread/INFO] [net.minecraft.world.entity.LivingEntity/]: Named entity Villager['Chris'/173361, l='ServerLevel[world]', x=-2602.58, y=94.00, z=99.54] died: Chris was slain by Zombie
[16Feb2025 00:39:09.782] [Server thread/INFO] [net.minecraft.server.MinecraftServer/]: Sirfafnir55 has made the advancement [Monkey Business]
[16Feb2025 00:40:29.891] [Server thread/WARN] [net.minecraft.server.network.ServerGamePacketListenerImpl/]: Sirfafnir55 moved wrongly!
[16Feb2025 00:40:59.426] [Server thread/INFO] [net.minecraft.world.entity.npc.Villager/]: Villager Villager['Olinda'/173875, l='ServerLevel[world]', x=-2646.30, y=48.00, z=86.77] died, message: 'Olinda was slain by Zombie'
[16Feb2025 00:40:59.426] [Server thread/INFO] [net.minecraft.world.entity.LivingEntity/]: Named entity Villager['Olinda'/173875, l='ServerLevel[world]', x=-2646.30, y=48.00, z=86.77] died: Olinda was slain by Zombie
